# JRE version: Java(TM) SE Runtime Environment (17.0.10+11) (build 17.0.10+11-LTS-240)
# Java VM: Java HotSpot(TM) 64-Bit Server VM (17.0.10+11-LTS-240, mixed mode, sharing, tiered, compressed oops, compressed class ptrs, g1 gc, windows-amd64)
GC Precious Log:
 CPUs: 8 total, 8 available
 Memory: 8013M
 Large Page Support: Disabled
 NUMA Support: Disabled
 Compressed Oops: Enabled (32-bit)
 Heap Region Size: 1M
 Heap Min Capacity: 8M
 Heap Initial Capacity: 126M
 Heap Max Capacity: 2004M
 Pre-touch: Disabled
 Parallel Workers: 8
 Concurrent Workers: 2
 Concurrent Refinement Workers: 8
 Periodic GC: Disabled
Heap:
 garbage-first heap   total 89088K, used 63562K [0x0000000082c00000, 0x0000000100000000)
  region size 1024K, 27 young (27648K), 5 survivors (5120K)
 Metaspace       used 32753K, committed 32960K, reserved 1114112K
  class space    used 4057K, committed 4160K, reserved 1048576K
GC Heap History (10 events):
Event: 1.300 GC heap before
{Heap before GC invocations=0 (full 0):
 garbage-first heap   total 129024K, used 27648K [0x0000000082c00000, 0x0000000100000000)
  region size 1024K, 23 young (23552K), 0 survivors (0K)
 Metaspace       used 7223K, committed 7360K, reserved 1114112K
  class space    used 760K, committed 832K, reserved 1048576K
}
Event: 1.306 GC heap after
{Heap after GC invocations=1 (full 0):
 garbage-first heap   total 129024K, used 6965K [0x0000000082c00000, 0x0000000100000000)
  region size 1024K, 3 young (3072K), 3 survivors (3072K)
 Metaspace       used 7223K, committed 7360K, reserved 1114112K
  class space    used 760K, committed 832K, reserved 1048576K
}
Event: 2.328 GC heap before
{Heap before GC invocations=1 (full 0):
 garbage-first heap   total 129024K, used 47925K [0x0000000082c00000, 0x0000000100000000)
  region size 1024K, 36 young (36864K), 3 survivors (3072K)
 Metaspace       used 16913K, committed 17216K, reserved 1114112K
  class space    used 2230K, committed 2368K, reserved 1048576K
}
Event: 2.335 GC heap after
{Heap after GC invocations=2 (full 0):
 garbage-first heap   total 129024K, used 17220K [0x0000000082c00000, 0x0000000100000000)
  region size 1024K, 3 young (3072K), 3 survivors (3072K)
 Metaspace       used 16913K, committed 17216K, reserved 1114112K
  class space    used 2230K, committed 2368K, reserved 1048576K
}
Event: 4.018 GC heap before
{Heap before GC invocations=2 (full 0):
 garbage-first heap   total 129024K, used 88900K [0x0000000082c00000, 0x0000000100000000)
  region size 1024K, 70 young (71680K), 3 survivors (3072K)
 Metaspace       used 21309K, committed 21504K, reserved 1114112K
  class space    used 2899K, committed 3008K, reserved 1048576K
}
Event: 4.058 GC heap after
{Heap after GC invocations=3 (full 0):
 garbage-first heap   total 129024K, used 24650K [0x0000000082c00000, 0x0000000100000000)
  region size 1024K, 10 young (10240K), 10 survivors (10240K)
 Metaspace       used 21309K, committed 21504K, reserved 1114112K
  class space    used 2899K, committed 3008K, reserved 1048576K
}
Event: 4.415 GC heap before
{Heap before GC invocations=4 (full 0):
 garbage-first heap   total 89088K, used 37962K [0x0000000082c00000, 0x0000000100000000)
  region size 1024K, 16 young (16384K), 10 survivors (10240K)
 Metaspace       used 22194K, committed 22464K, reserved 1114112K
  class space    used 3007K, committed 3136K, reserved 1048576K
}
Event: 4.448 GC heap after
{Heap after GC invocations=5 (full 0):
 garbage-first heap   total 89088K, used 33354K [0x0000000082c00000, 0x0000000100000000)
  region size 1024K, 2 young (2048K), 2 survivors (2048K)
 Metaspace       used 22194K, committed 22464K, reserved 1114112K
  class space    used 3007K, committed 3136K, reserved 1048576K
}
Event: 5.336 GC heap before
{Heap before GC invocations=5 (full 0):
 garbage-first heap   total 89088K, used 69194K [0x0000000082c00000, 0x0000000100000000)
  region size 1024K, 33 young (33792K), 2 survivors (2048K)
 Metaspace       used 28041K, committed 28288K, reserved 1114112K
  class space    used 3541K, committed 3648K, reserved 1048576K
}
Event: 5.349 GC heap after
{Heap after GC invocations=6 (full 0):
 garbage-first heap   total 89088K, used 42058K [0x0000000082c00000, 0x0000000100000000)
  region size 1024K, 5 young (5120K), 5 survivors (5120K)
 Metaspace       used 28041K, committed 28288K, reserved 1114112K
  class space    used 3541K, committed 3648K, reserved 1048576K
}

